0 info it worked if it ends with ok
1 verbose cli [ '/Users/schnubor/.nvm/versions/node/v6.3.1/bin/node',
1 verbose cli   '/Users/schnubor/.nvm/versions/node/v6.3.1/bin/npm',
1 verbose cli   'install' ]
2 info using npm@3.10.3
3 info using node@v6.3.1
4 silly loadCurrentTree Starting
5 silly install loadCurrentTree
6 silly install readLocalPackageData
7 silly install normalizeTree
8 silly loadCurrentTree Finishing
9 silly loadIdealTree Starting
10 silly install loadIdealTree
11 silly cloneCurrentTree Starting
12 silly install cloneCurrentTreeToIdealTree
13 silly cloneCurrentTree Finishing
14 silly loadShrinkwrap Starting
15 silly install loadShrinkwrap
16 silly loadShrinkwrap Finishing
17 silly loadAllDepsIntoIdealTree Starting
18 silly install loadAllDepsIntoIdealTree
19 silly fetchNamedPackageData bulma
20 silly mapToRegistry name bulma
21 silly mapToRegistry using default registry
22 silly mapToRegistry registry https://registry.npmjs.org/
23 silly mapToRegistry data Result {
23 silly mapToRegistry   raw: 'bulma',
23 silly mapToRegistry   scope: null,
23 silly mapToRegistry   escapedName: 'bulma',
23 silly mapToRegistry   name: 'bulma',
23 silly mapToRegistry   rawSpec: '',
23 silly mapToRegistry   spec: 'latest',
23 silly mapToRegistry   type: 'tag' }
24 silly mapToRegistry uri https://registry.npmjs.org/bulma
25 verbose request uri https://registry.npmjs.org/bulma
26 verbose request no auth needed
27 info attempt registry request try #1 at 1:41:59 AM
28 verbose request id e5f695a95d804131
29 verbose etag W/"58c9bd03-f889"
30 verbose lastModified Wed, 15 Mar 2017 22:15:31 GMT
31 http request GET https://registry.npmjs.org/bulma
32 http 200 https://registry.npmjs.org/bulma
33 verbose headers { server: 'nginx/1.10.1',
33 verbose headers   'content-type': 'application/json',
33 verbose headers   'last-modified': 'Sat, 25 Mar 2017 18:21:17 GMT',
33 verbose headers   etag: 'W/"58d6b51d-f89c"',
33 verbose headers   'content-encoding': 'gzip',
33 verbose headers   'cache-control': 'max-age=300',
33 verbose headers   'content-length': '6633',
33 verbose headers   'accept-ranges': 'bytes',
33 verbose headers   date: 'Sat, 15 Apr 2017 23:42:03 GMT',
33 verbose headers   via: '1.1 varnish',
33 verbose headers   age: '0',
33 verbose headers   connection: 'keep-alive',
33 verbose headers   'x-served-by': 'cache-hhn1546-HHN',
33 verbose headers   'x-cache': 'HIT',
33 verbose headers   'x-cache-hits': '1',
33 verbose headers   'x-timer': 'S1492299724.545123,VS0,VE1',
33 verbose headers   vary: 'Accept-Encoding' }
34 silly get cb [ 200,
34 silly get   { server: 'nginx/1.10.1',
34 silly get     'content-type': 'application/json',
34 silly get     'last-modified': 'Sat, 25 Mar 2017 18:21:17 GMT',
34 silly get     etag: 'W/"58d6b51d-f89c"',
34 silly get     'content-encoding': 'gzip',
34 silly get     'cache-control': 'max-age=300',
34 silly get     'content-length': '6633',
34 silly get     'accept-ranges': 'bytes',
34 silly get     date: 'Sat, 15 Apr 2017 23:42:03 GMT',
34 silly get     via: '1.1 varnish',
34 silly get     age: '0',
34 silly get     connection: 'keep-alive',
34 silly get     'x-served-by': 'cache-hhn1546-HHN',
34 silly get     'x-cache': 'HIT',
34 silly get     'x-cache-hits': '1',
34 silly get     'x-timer': 'S1492299724.545123,VS0,VE1',
34 silly get     vary: 'Accept-Encoding' } ]
35 verbose get saving bulma to /Users/schnubor/.npm/registry.npmjs.org/bulma/.cache.json
36 verbose correctMkdir /Users/schnubor/.npm correctMkdir not in flight; initializing
37 silly fetchPackageMetaData Error: No compatible version found: bulma@^0.4.2
37 silly fetchPackageMetaData Valid install targets:
37 silly fetchPackageMetaData 0.4.0, 0.3.2, 0.3.1, 0.3.0, 0.2.3, 0.2.1, 0.2.0, 0.1.2, 0.1.1, 0.1.0, 0.0.28, 0.0.27, 0.0.26, 0.0.25, 0.0.24, 0.0.23, 0.0.22, 0.0.21, 0.0.20, 0.0.19, 0.0.18, 0.0.17, 0.0.16, 0.0.15, 0.0.14, 0.0.13, 0.0.12, 0.0.11, 0.0.10, 0.0.9, 0.0.8, 0.0.7, 0.0.6, 0.0.5, 0.0.4
37 silly fetchPackageMetaData
37 silly fetchPackageMetaData     at pickVersionFromRegistryDocument (/Users/schnubor/.nvm/versions/node/v6.3.1/lib/node_modules/npm/lib/fetch-package-metadata.js:170:16)
37 silly fetchPackageMetaData     at /Users/schnubor/.nvm/versions/node/v6.3.1/lib/node_modules/npm/node_modules/iferr/index.js:13:50
37 silly fetchPackageMetaData     at /Users/schnubor/.nvm/versions/node/v6.3.1/lib/node_modules/npm/lib/utils/pulse-till-done.js:20:8
37 silly fetchPackageMetaData     at saved (/Users/schnubor/.nvm/versions/node/v6.3.1/lib/node_modules/npm/lib/cache/caching-client.js:174:7)
37 silly fetchPackageMetaData     at /Users/schnubor/.nvm/versions/node/v6.3.1/lib/node_modules/npm/node_modules/graceful-fs/polyfills.js:210:7
37 silly fetchPackageMetaData     at FSReqWrap.oncomplete (fs.js:123:15)
37 silly fetchPackageMetaData  error for bulma@^0.4.2 Error: No compatible version found: bulma@^0.4.2
37 silly fetchPackageMetaData Valid install targets:
37 silly fetchPackageMetaData 0.4.0, 0.3.2, 0.3.1, 0.3.0, 0.2.3, 0.2.1, 0.2.0, 0.1.2, 0.1.1, 0.1.0, 0.0.28, 0.0.27, 0.0.26, 0.0.25, 0.0.24, 0.0.23, 0.0.22, 0.0.21, 0.0.20, 0.0.19, 0.0.18, 0.0.17, 0.0.16, 0.0.15, 0.0.14, 0.0.13, 0.0.12, 0.0.11, 0.0.10, 0.0.9, 0.0.8, 0.0.7, 0.0.6, 0.0.5, 0.0.4
37 silly fetchPackageMetaData
37 silly fetchPackageMetaData     at pickVersionFromRegistryDocument (/Users/schnubor/.nvm/versions/node/v6.3.1/lib/node_modules/npm/lib/fetch-package-metadata.js:170:16)
37 silly fetchPackageMetaData     at /Users/schnubor/.nvm/versions/node/v6.3.1/lib/node_modules/npm/node_modules/iferr/index.js:13:50
37 silly fetchPackageMetaData     at /Users/schnubor/.nvm/versions/node/v6.3.1/lib/node_modules/npm/lib/utils/pulse-till-done.js:20:8
37 silly fetchPackageMetaData     at saved (/Users/schnubor/.nvm/versions/node/v6.3.1/lib/node_modules/npm/lib/cache/caching-client.js:174:7)
37 silly fetchPackageMetaData     at /Users/schnubor/.nvm/versions/node/v6.3.1/lib/node_modules/npm/node_modules/graceful-fs/polyfills.js:210:7
37 silly fetchPackageMetaData     at FSReqWrap.oncomplete (fs.js:123:15)
38 silly rollbackFailedOptional Starting
39 silly rollbackFailedOptional Finishing
40 silly runTopLevelLifecycles Starting
41 silly runTopLevelLifecycles Finishing
42 silly install printInstalled
43 verbose stack Error: No compatible version found: bulma@^0.4.2
43 verbose stack Valid install targets:
43 verbose stack 0.4.0, 0.3.2, 0.3.1, 0.3.0, 0.2.3, 0.2.1, 0.2.0, 0.1.2, 0.1.1, 0.1.0, 0.0.28, 0.0.27, 0.0.26, 0.0.25, 0.0.24, 0.0.23, 0.0.22, 0.0.21, 0.0.20, 0.0.19, 0.0.18, 0.0.17, 0.0.16, 0.0.15, 0.0.14, 0.0.13, 0.0.12, 0.0.11, 0.0.10, 0.0.9, 0.0.8, 0.0.7, 0.0.6, 0.0.5, 0.0.4
43 verbose stack
43 verbose stack     at pickVersionFromRegistryDocument (/Users/schnubor/.nvm/versions/node/v6.3.1/lib/node_modules/npm/lib/fetch-package-metadata.js:170:16)
43 verbose stack     at /Users/schnubor/.nvm/versions/node/v6.3.1/lib/node_modules/npm/node_modules/iferr/index.js:13:50
43 verbose stack     at /Users/schnubor/.nvm/versions/node/v6.3.1/lib/node_modules/npm/lib/utils/pulse-till-done.js:20:8
43 verbose stack     at saved (/Users/schnubor/.nvm/versions/node/v6.3.1/lib/node_modules/npm/lib/cache/caching-client.js:174:7)
43 verbose stack     at /Users/schnubor/.nvm/versions/node/v6.3.1/lib/node_modules/npm/node_modules/graceful-fs/polyfills.js:210:7
43 verbose stack     at FSReqWrap.oncomplete (fs.js:123:15)
44 verbose cwd /Users/schnubor/Development/_Personal/mulliganV2
45 error Darwin 16.5.0
46 error argv "/Users/schnubor/.nvm/versions/node/v6.3.1/bin/node" "/Users/schnubor/.nvm/versions/node/v6.3.1/bin/npm" "install"
47 error node v6.3.1
48 error npm  v3.10.3
49 error No compatible version found: bulma@^0.4.2
49 error Valid install targets:
49 error 0.4.0, 0.3.2, 0.3.1, 0.3.0, 0.2.3, 0.2.1, 0.2.0, 0.1.2, 0.1.1, 0.1.0, 0.0.28, 0.0.27, 0.0.26, 0.0.25, 0.0.24, 0.0.23, 0.0.22, 0.0.21, 0.0.20, 0.0.19, 0.0.18, 0.0.17, 0.0.16, 0.0.15, 0.0.14, 0.0.13, 0.0.12, 0.0.11, 0.0.10, 0.0.9, 0.0.8, 0.0.7, 0.0.6, 0.0.5, 0.0.4
50 error If you need help, you may report this error at:
50 error     <https://github.com/npm/npm/issues>
51 verbose exit [ 1, true ]
